<?xml version="1.0" encoding="UTF-8"?>
<!-- Generated by org.testng.reporters.JUnitReportReporter -->
<testsuite hostname="DESKTOP-PAE4UUJ" failures="0" tests="2" name="qaclickacademy.Mavenjava.AppiumTest" time="0.010" errors="0" timestamp="2020-11-22T01:41:01 MST" skipped="0">
  <testcase classname="qaclickacademy.Mavenjava.AppiumTest" name="AndroidAutomation" time="0.010"/>
  <system-out/>
  <testcase classname="qaclickacademy.Mavenjava.AppiumTest" name="IOSAutomation" time="0.000"/>
  <system-out/>
</testsuite> <!-- qaclickacademy.Mavenjava.AppiumTest -->
