<?xml version="1.0" encoding="UTF-8"?>
<!-- Generated by org.testng.reporters.JUnitReportReporter -->
<testsuite hostname="DESKTOP-PAE4UUJ" failures="0" tests="1" name="qaclickacademy.Mavenjava.AppTest" time="0.028" errors="0" timestamp="2020-11-22T01:23:26 MST" skipped="0">
  <testcase classname="qaclickacademy.Mavenjava.AppTest" name="shouldAnswerWithTrue" time="0.028"/>
  <system-out/>
</testsuite> <!-- qaclickacademy.Mavenjava.AppTest -->
