<?xml version="1.0" encoding="UTF-8"?>
<!-- Generated by org.testng.reporters.JUnitReportReporter -->
<testsuite hostname="DESKTOP-PAE4UUJ" failures="0" tests="1" name="qaclickacademy.Mavenjava.SeleniumTest" time="0.001" errors="0" timestamp="2020-11-22T01:23:26 MST" skipped="0">
  <testcase classname="qaclickacademy.Mavenjava.SeleniumTest" name="ElementsUI" time="0.001"/>
  <system-out/>
</testsuite> <!-- qaclickacademy.Mavenjava.SeleniumTest -->
